app/build/intermediates/manifest_merge_blame_file/debug/manifest-merger-blame-debug-report.txt
1<?xml version="1.0" encoding="utf-8"?>
2<manifest xmlns:android="http://schemas.android.com/apk/res/android"
3    package="com.hmsiap.codelab.huawei"
4    android:versionCode="40000300"
5    android:versionName="4.0.0.300" >
6
7    <uses-sdk
8        android:minSdkVersion="22"
8-->src\main\AndroidManifest.xml
9        android:targetSdkVersion="28" />
9-->src\main\AndroidManifest.xml
10
11    <uses-permission android:name="android.permission.ACCESS_NETWORK_STATE" />
11-->src\main\AndroidManifest.xml:4:5-79
11-->src\main\AndroidManifest.xml:4:22-76
12
13    <!-- HMS-SDK引导升级HMS功能，访问OTA服务器需要网络权限 -->
14    <uses-permission android:name="android.permission.INTERNET" /> <!-- HMS-SDK引导升级HMS功能，保存下载的升级包需要SD卡写权限 -->
14-->[com.huawei.hms:base:4.0.0.300] AndroidManifest.xml:10:5-67
14-->[com.huawei.hms:base:4.0.0.300] AndroidManifest.xml:10:22-64
15    <uses-permission android:name="android.permission.WRITE_EXTERNAL_STORAGE" /> <!-- 如果是安卓8.0，应用编译配置的targetSdkVersion>=26，请务必添加以下权限 -->
15-->[com.huawei.hms:base:4.0.0.300] AndroidManifest.xml:12:5-81
15-->[com.huawei.hms:base:4.0.0.300] AndroidManifest.xml:12:22-78
16    <uses-permission android:name="android.permission.REQUEST_INSTALL_PACKAGES" /> <!-- 应用市场9.0版本必须使用该权限获取用户的服务地 -->
16-->[com.huawei.hms:base:4.0.0.300] AndroidManifest.xml:16:5-83
16-->[com.huawei.hms:base:4.0.0.300] AndroidManifest.xml:16:22-80
17    <uses-permission android:name="com.huawei.appmarket.service.commondata.permission.GET_COMMON_DATA" />
17-->[com.huawei.hms:base:4.0.0.300] AndroidManifest.xml:18:5-106
17-->[com.huawei.hms:base:4.0.0.300] AndroidManifest.xml:18:22-103
18    <uses-permission android:name="android.permission.READ_EXTERNAL_STORAGE" />
19
20    <application
20-->src\main\AndroidManifest.xml:5:5-20:19
21        android:allowBackup="true"
21-->src\main\AndroidManifest.xml:6:9-35
22        android:appComponentFactory="android.support.v4.app.CoreComponentFactory"
22-->[com.android.support:support-compat:28.0.0] AndroidManifest.xml:22:18-91
23        android:debuggable="true"
24        android:icon="@drawable/iap"
24-->src\main\AndroidManifest.xml:7:9-37
25        android:label="@string/app_name"
25-->src\main\AndroidManifest.xml:8:9-41
26        android:roundIcon="@drawable/iap"
26-->src\main\AndroidManifest.xml:9:9-42
27        android:supportsRtl="true"
27-->src\main\AndroidManifest.xml:10:9-35
28        android:testOnly="true"
29        android:theme="@style/AppTheme" >
29-->src\main\AndroidManifest.xml:11:9-40
30        <activity android:name="com.example.iapdemo.activity.DemoActivity" >
30-->src\main\AndroidManifest.xml:12:9-18:20
30-->src\main\AndroidManifest.xml:12:19-75
31            <intent-filter>
31-->src\main\AndroidManifest.xml:13:13-17:29
32                <action android:name="android.intent.action.MAIN" />
32-->src\main\AndroidManifest.xml:14:17-69
32-->src\main\AndroidManifest.xml:14:25-66
33
34                <category android:name="android.intent.category.LAUNCHER" />
34-->src\main\AndroidManifest.xml:16:17-77
34-->src\main\AndroidManifest.xml:16:27-74
35            </intent-filter>
36        </activity>
37
38        <meta-data
38-->[com.huawei.hms:iap:4.0.0.300] AndroidManifest.xml:12:9-14:45
39            android:name="com.huawei.hms.client.service.name:iap"
39-->[com.huawei.hms:iap:4.0.0.300] AndroidManifest.xml:13:13-66
40            android:value="iap:4.0.0.300" />
40-->[com.huawei.hms:iap:4.0.0.300] AndroidManifest.xml:14:13-42
41        <!--
42        为后续统计第三方app集成了哪些Kit，因此需要Kit在自己的AndroidManifest.xml文件中定义业务标签元数据，
43        流水线打包时会替换成HMSVER对应的版本号，不要手动修改
44        -->
45        <meta-data
45-->[com.huawei.hms:base:4.0.0.300] AndroidManifest.xml:26:9-28:46
46            android:name="com.huawei.hms.client.service.name:base"
46-->[com.huawei.hms:base:4.0.0.300] AndroidManifest.xml:27:13-67
47            android:value="base:4.0.0.300" /> <!-- SDK依赖的HMSCore的最低api level元数据 -->
47-->[com.huawei.hms:base:4.0.0.300] AndroidManifest.xml:28:13-43
48        <meta-data
48-->[com.huawei.hms:base:4.0.0.300] AndroidManifest.xml:31:9-33:33
49            android:name="com.huawei.hms.min_api_level:base:hmscore"
49-->[com.huawei.hms:base:4.0.0.300] AndroidManifest.xml:32:13-69
50            android:value="1" />
50-->[com.huawei.hms:base:4.0.0.300] AndroidManifest.xml:33:13-30
51
52        <activity
52-->[com.huawei.hms:base:4.0.0.300] AndroidManifest.xml:35:9-45:20
53            android:name="com.huawei.hms.activity.BridgeActivity"
53-->[com.huawei.hms:base:4.0.0.300] AndroidManifest.xml:36:13-66
54            android:configChanges="orientation|locale|layoutDirection|fontScale|screenSize|smallestScreenSize|screenLayout"
54-->[com.huawei.hms:base:4.0.0.300] AndroidManifest.xml:37:13-124
55            android:excludeFromRecents="true"
55-->[com.huawei.hms:base:4.0.0.300] AndroidManifest.xml:38:13-46
56            android:exported="false"
56-->[com.huawei.hms:base:4.0.0.300] AndroidManifest.xml:39:13-37
57            android:hardwareAccelerated="true"
57-->[com.huawei.hms:base:4.0.0.300] AndroidManifest.xml:40:13-47
58            android:theme="@android:style/Theme.Translucent" >
58-->[com.huawei.hms:base:4.0.0.300] AndroidManifest.xml:41:13-61
59            <meta-data
59-->[com.huawei.hms:base:4.0.0.300] AndroidManifest.xml:42:13-44:77
60                android:name="hwc-theme"
60-->[com.huawei.hms:base:4.0.0.300] AndroidManifest.xml:43:17-41
61                android:value="androidhwext:style/Theme.Emui.Translucent" />
61-->[com.huawei.hms:base:4.0.0.300] AndroidManifest.xml:44:17-74
62        </activity>
63        <activity
63-->[com.huawei.hms:base:4.0.0.300] AndroidManifest.xml:46:9-49:20
64            android:name="com.huawei.hms.activity.EnableServiceActivity"
64-->[com.huawei.hms:base:4.0.0.300] AndroidManifest.xml:47:13-73
65            android:configChanges="orientation|keyboardHidden|screenSize|smallestScreenSize|screenLayout" >
65-->[com.huawei.hms:base:4.0.0.300] AndroidManifest.xml:48:13-106
66        </activity>
67        <activity
67-->[com.huawei.hms:base:4.0.0.300] AndroidManifest.xml:50:9-58:20
68            android:name="com.huawei.updatesdk.service.otaupdate.AppUpdateActivity"
68-->[com.huawei.hms:base:4.0.0.300] AndroidManifest.xml:51:13-84
69            android:configChanges="orientation|screenSize|smallestScreenSize|screenLayout"
69-->[com.huawei.hms:base:4.0.0.300] AndroidManifest.xml:52:13-91
70            android:exported="false"
70-->[com.huawei.hms:base:4.0.0.300] AndroidManifest.xml:53:13-37
71            android:theme="@style/upsdkDlDialog" >
71-->[com.huawei.hms:base:4.0.0.300] AndroidManifest.xml:54:13-49
72            <meta-data
72-->[com.huawei.hms:base:4.0.0.300] AndroidManifest.xml:42:13-44:77
73                android:name="hwc-theme"
73-->[com.huawei.hms:base:4.0.0.300] AndroidManifest.xml:43:17-41
74                android:value="androidhwext:style/Theme.Emui.Translucent.NoTitleBar" />
74-->[com.huawei.hms:base:4.0.0.300] AndroidManifest.xml:44:17-74
75        </activity>
76        <activity
76-->[com.huawei.hms:base:4.0.0.300] AndroidManifest.xml:59:9-67:20
77            android:name="com.huawei.updatesdk.support.pm.PackageInstallerActivity"
77-->[com.huawei.hms:base:4.0.0.300] AndroidManifest.xml:60:13-84
78            android:configChanges="orientation|keyboardHidden|screenSize|smallestScreenSize|screenLayout"
78-->[com.huawei.hms:base:4.0.0.300] AndroidManifest.xml:61:13-106
79            android:exported="false"
79-->[com.huawei.hms:base:4.0.0.300] AndroidManifest.xml:62:13-37
80            android:theme="@style/upsdkDlDialog" >
80-->[com.huawei.hms:base:4.0.0.300] AndroidManifest.xml:63:13-49
81            <meta-data
81-->[com.huawei.hms:base:4.0.0.300] AndroidManifest.xml:42:13-44:77
82                android:name="hwc-theme"
82-->[com.huawei.hms:base:4.0.0.300] AndroidManifest.xml:43:17-41
83                android:value="androidhwext:style/Theme.Emui.Translucent" />
83-->[com.huawei.hms:base:4.0.0.300] AndroidManifest.xml:44:17-74
84        </activity>
85
86        <provider
86-->[com.huawei.hms:base:4.0.0.300] AndroidManifest.xml:69:9-74:20
87            android:name="com.huawei.hms.update.provider.UpdateProvider"
87-->[com.huawei.hms:base:4.0.0.300] AndroidManifest.xml:70:13-73
88            android:authorities="com.hmsiap.codelab.huawei.hms.update.provider"
88-->[com.huawei.hms:base:4.0.0.300] AndroidManifest.xml:71:13-71
89            android:exported="false"
89-->[com.huawei.hms:base:4.0.0.300] AndroidManifest.xml:72:13-37
90            android:grantUriPermissions="true" >
90-->[com.huawei.hms:base:4.0.0.300] AndroidManifest.xml:73:13-47
91        </provider>
92        <provider
92-->[com.huawei.agconnect:agconnect-core:1.0.0.300] AndroidManifest.xml:10:9-13:40
93            android:name="com.huawei.agconnect.core.provider.AGConnectInitializeProvider"
93-->[com.huawei.agconnect:agconnect-core:1.0.0.300] AndroidManifest.xml:11:13-90
94            android:authorities="com.hmsiap.codelab.huawei.AGCInitializeProvider"
94-->[com.huawei.agconnect:agconnect-core:1.0.0.300] AndroidManifest.xml:12:13-73
95            android:exported="false" />
95-->[com.huawei.agconnect:agconnect-core:1.0.0.300] AndroidManifest.xml:13:13-37
96
97        <service
97-->[com.huawei.agconnect:agconnect-core:1.0.0.300] AndroidManifest.xml:15:9-17:40
98            android:name="com.huawei.agconnect.core.ServiceDiscovery"
98-->[com.huawei.agconnect:agconnect-core:1.0.0.300] AndroidManifest.xml:16:13-70
99            android:exported="false" />
99-->[com.huawei.agconnect:agconnect-core:1.0.0.300] AndroidManifest.xml:17:13-37
100    </application>
101
102</manifest>